[2024-03-25T06:14:26.313+0000] {taskinstance.py:1979} INFO - Dependencies all met for dep_context=non-requeueable deps ti=<TaskInstance: Book-Recommendation-DAG.install_pip_packages_task manual__2024-03-25T06:14:24.488168+00:00 [queued]>
[2024-03-25T06:14:26.320+0000] {taskinstance.py:1979} INFO - Dependencies all met for dep_context=requeueable deps ti=<TaskInstance: Book-Recommendation-DAG.install_pip_packages_task manual__2024-03-25T06:14:24.488168+00:00 [queued]>
[2024-03-25T06:14:26.320+0000] {taskinstance.py:2193} INFO - Starting attempt 1 of 3
[2024-03-25T06:14:26.329+0000] {taskinstance.py:2217} INFO - Executing <Task(BashOperator): install_pip_packages_task> on 2024-03-25 06:14:24.488168+00:00
[2024-03-25T06:14:26.338+0000] {standard_task_runner.py:60} INFO - Started process 8012 to run task
[2024-03-25T06:14:26.341+0000] {standard_task_runner.py:87} INFO - Running: ['***', 'tasks', 'run', 'Book-Recommendation-DAG', 'install_pip_packages_task', 'manual__2024-03-25T06:14:24.488168+00:00', '--job-id', '163', '--raw', '--subdir', 'DAGS_FOLDER/book-recommendation-dag.py', '--cfg-path', '/tmp/tmpaarix0w4']
[2024-03-25T06:14:26.344+0000] {standard_task_runner.py:88} INFO - Job 163: Subtask install_pip_packages_task
[2024-03-25T06:14:26.403+0000] {task_command.py:423} INFO - Running <TaskInstance: Book-Recommendation-DAG.install_pip_packages_task manual__2024-03-25T06:14:24.488168+00:00 [running]> on host 9654d883592e
[2024-03-25T06:14:26.458+0000] {taskinstance.py:2513} INFO - Exporting env vars: AIRFLOW_CTX_DAG_OWNER='iamraphson' AIRFLOW_CTX_DAG_ID='Book-Recommendation-DAG' AIRFLOW_CTX_TASK_ID='install_pip_packages_task' AIRFLOW_CTX_EXECUTION_DATE='2024-03-25T06:14:24.488168+00:00' AIRFLOW_CTX_TRY_NUMBER='1' AIRFLOW_CTX_DAG_RUN_ID='manual__2024-03-25T06:14:24.488168+00:00'
[2024-03-25T06:14:26.459+0000] {subprocess.py:63} INFO - Tmp dir root location: /tmp
[2024-03-25T06:14:26.460+0000] {subprocess.py:75} INFO - Running command: ['/usr/bin/bash', '-c', 'pip install --user kaggle']
[2024-03-25T06:14:26.477+0000] {subprocess.py:86} INFO - Output:
[2024-03-25T06:14:26.970+0000] {subprocess.py:93} INFO - Requirement already satisfied: kaggle in /home/***/.local/lib/python3.8/site-packages (1.6.6)
[2024-03-25T06:14:26.974+0000] {subprocess.py:93} INFO - Requirement already satisfied: six>=1.10 in /home/***/.local/lib/python3.8/site-packages (from kaggle) (1.16.0)
[2024-03-25T06:14:26.974+0000] {subprocess.py:93} INFO - Requirement already satisfied: certifi in /home/***/.local/lib/python3.8/site-packages (from kaggle) (2024.2.2)
[2024-03-25T06:14:26.975+0000] {subprocess.py:93} INFO - Requirement already satisfied: python-dateutil in /home/***/.local/lib/python3.8/site-packages (from kaggle) (2.9.0.post0)
[2024-03-25T06:14:26.975+0000] {subprocess.py:93} INFO - Requirement already satisfied: requests in /home/***/.local/lib/python3.8/site-packages (from kaggle) (2.31.0)
[2024-03-25T06:14:26.975+0000] {subprocess.py:93} INFO - Requirement already satisfied: tqdm in /home/***/.local/lib/python3.8/site-packages (from kaggle) (4.66.2)
[2024-03-25T06:14:26.976+0000] {subprocess.py:93} INFO - Requirement already satisfied: python-slugify in /home/***/.local/lib/python3.8/site-packages (from kaggle) (8.0.4)
[2024-03-25T06:14:26.976+0000] {subprocess.py:93} INFO - Requirement already satisfied: urllib3 in /home/***/.local/lib/python3.8/site-packages (from kaggle) (1.26.18)
[2024-03-25T06:14:26.977+0000] {subprocess.py:93} INFO - Requirement already satisfied: bleach in /home/***/.local/lib/python3.8/site-packages (from kaggle) (6.1.0)
[2024-03-25T06:14:26.980+0000] {subprocess.py:93} INFO - Requirement already satisfied: webencodings in /home/***/.local/lib/python3.8/site-packages (from bleach->kaggle) (0.5.1)
[2024-03-25T06:14:26.983+0000] {subprocess.py:93} INFO - Requirement already satisfied: text-unidecode>=1.3 in /home/***/.local/lib/python3.8/site-packages (from python-slugify->kaggle) (1.3)
[2024-03-25T06:14:26.986+0000] {subprocess.py:93} INFO - Requirement already satisfied: charset-normalizer<4,>=2 in /home/***/.local/lib/python3.8/site-packages (from requests->kaggle) (3.3.2)
[2024-03-25T06:14:26.987+0000] {subprocess.py:93} INFO - Requirement already satisfied: idna<4,>=2.5 in /home/***/.local/lib/python3.8/site-packages (from requests->kaggle) (3.6)
[2024-03-25T06:14:28.973+0000] {subprocess.py:97} INFO - Command exited with return code 0
[2024-03-25T06:14:29.002+0000] {taskinstance.py:1149} INFO - Marking task as SUCCESS. dag_id=Book-Recommendation-DAG, task_id=install_pip_packages_task, execution_date=20240325T061424, start_date=20240325T061426, end_date=20240325T061429
[2024-03-25T06:14:29.044+0000] {local_task_job_runner.py:234} INFO - Task exited with return code 0
[2024-03-25T06:14:29.068+0000] {taskinstance.py:3312} INFO - 1 downstream tasks scheduled from follow-on schedule check
