[2024-03-25T01:17:56.757+0000] {taskinstance.py:1979} INFO - Dependencies all met for dep_context=non-requeueable deps ti=<TaskInstance: Book-Recommendation-DAG.do_clean_to_parquet_task manual__2024-03-25T01:17:49.181464+00:00 [queued]>
[2024-03-25T01:17:56.768+0000] {taskinstance.py:1979} INFO - Dependencies all met for dep_context=requeueable deps ti=<TaskInstance: Book-Recommendation-DAG.do_clean_to_parquet_task manual__2024-03-25T01:17:49.181464+00:00 [queued]>
[2024-03-25T01:17:56.768+0000] {taskinstance.py:2193} INFO - Starting attempt 1 of 3
[2024-03-25T01:17:56.777+0000] {taskinstance.py:2217} INFO - Executing <Task(PythonOperator): do_clean_to_parquet_task> on 2024-03-25 01:17:49.181464+00:00
[2024-03-25T01:17:56.787+0000] {standard_task_runner.py:60} INFO - Started process 3375 to run task
[2024-03-25T01:17:56.792+0000] {standard_task_runner.py:87} INFO - Running: ['***', 'tasks', 'run', 'Book-Recommendation-DAG', 'do_clean_to_parquet_task', 'manual__2024-03-25T01:17:49.181464+00:00', '--job-id', '59', '--raw', '--subdir', 'DAGS_FOLDER/book-recommendation-dag.py', '--cfg-path', '/tmp/tmp5g568h95']
[2024-03-25T01:17:56.796+0000] {standard_task_runner.py:88} INFO - Job 59: Subtask do_clean_to_parquet_task
[2024-03-25T01:17:56.858+0000] {task_command.py:423} INFO - Running <TaskInstance: Book-Recommendation-DAG.do_clean_to_parquet_task manual__2024-03-25T01:17:49.181464+00:00 [running]> on host 9654d883592e
[2024-03-25T01:17:56.904+0000] {taskinstance.py:2513} INFO - Exporting env vars: AIRFLOW_CTX_DAG_OWNER='iamraphson' AIRFLOW_CTX_DAG_ID='Book-Recommendation-DAG' AIRFLOW_CTX_TASK_ID='do_clean_to_parquet_task' AIRFLOW_CTX_EXECUTION_DATE='2024-03-25T01:17:49.181464+00:00' AIRFLOW_CTX_TRY_NUMBER='1' AIRFLOW_CTX_DAG_RUN_ID='manual__2024-03-25T01:17:49.181464+00:00'
[2024-03-25T01:17:58.621+0000] {warnings.py:109} WARNING - /opt/***/dags/book-recommendation-dag.py:27: DtypeWarning: Columns (3) have mixed types. Specify dtype option on import or set low_memory=False.
  dataset_df = pd.read_csv(f'{dataset_download_path}{filename}', dtype=books_dtype)

[2024-03-25T01:17:58.737+0000] {logging_mixin.py:188} INFO - dataset_df.dtypes isbn                   object
book_title             object
book_author            object
year_of_publication    object
publisher              object
dtype: object
[2024-03-25T01:17:58.738+0000] {logging_mixin.py:188} INFO - parquet_loc /opt/***/book-recommendation-dataset/pq/books.parquet
[2024-03-25T01:17:58.749+0000] {python.py:202} INFO - Done. Returned value was: None
[2024-03-25T01:17:58.803+0000] {taskinstance.py:1149} INFO - Marking task as SUCCESS. dag_id=Book-Recommendation-DAG, task_id=do_clean_to_parquet_task, execution_date=20240325T011749, start_date=20240325T011756, end_date=20240325T011758
[2024-03-25T01:17:58.865+0000] {local_task_job_runner.py:234} INFO - Task exited with return code 0
[2024-03-25T01:17:58.892+0000] {taskinstance.py:3312} INFO - 1 downstream tasks scheduled from follow-on schedule check
