[2024-03-25T00:58:48.164+0000] {taskinstance.py:1979} INFO - Dependencies all met for dep_context=non-requeueable deps ti=<TaskInstance: Book-Recommendation-DAG.do_clean_to_parquet_task manual__2024-03-25T00:58:39.498878+00:00 [queued]>
[2024-03-25T00:58:48.171+0000] {taskinstance.py:1979} INFO - Dependencies all met for dep_context=requeueable deps ti=<TaskInstance: Book-Recommendation-DAG.do_clean_to_parquet_task manual__2024-03-25T00:58:39.498878+00:00 [queued]>
[2024-03-25T00:58:48.173+0000] {taskinstance.py:2193} INFO - Starting attempt 1 of 3
[2024-03-25T00:58:48.182+0000] {taskinstance.py:2217} INFO - Executing <Task(PythonOperator): do_clean_to_parquet_task> on 2024-03-25 00:58:39.498878+00:00
[2024-03-25T00:58:48.195+0000] {standard_task_runner.py:60} INFO - Started process 2898 to run task
[2024-03-25T00:58:48.201+0000] {standard_task_runner.py:87} INFO - Running: ['***', 'tasks', 'run', 'Book-Recommendation-DAG', 'do_clean_to_parquet_task', 'manual__2024-03-25T00:58:39.498878+00:00', '--job-id', '48', '--raw', '--subdir', 'DAGS_FOLDER/book-recommendation-dag.py', '--cfg-path', '/tmp/tmp5dwzdihc']
[2024-03-25T00:58:48.213+0000] {standard_task_runner.py:88} INFO - Job 48: Subtask do_clean_to_parquet_task
[2024-03-25T00:58:48.310+0000] {task_command.py:423} INFO - Running <TaskInstance: Book-Recommendation-DAG.do_clean_to_parquet_task manual__2024-03-25T00:58:39.498878+00:00 [running]> on host 9654d883592e
[2024-03-25T00:58:48.366+0000] {taskinstance.py:2513} INFO - Exporting env vars: AIRFLOW_CTX_DAG_OWNER='iamraphson' AIRFLOW_CTX_DAG_ID='Book-Recommendation-DAG' AIRFLOW_CTX_TASK_ID='do_clean_to_parquet_task' AIRFLOW_CTX_EXECUTION_DATE='2024-03-25T00:58:39.498878+00:00' AIRFLOW_CTX_TRY_NUMBER='1' AIRFLOW_CTX_DAG_RUN_ID='manual__2024-03-25T00:58:39.498878+00:00'
[2024-03-25T00:58:50.313+0000] {warnings.py:109} WARNING - /opt/***/dags/book-recommendation-dag.py:16: DtypeWarning: Columns (3) have mixed types. Specify dtype option on import or set low_memory=False.
  dataset_df = pd.read_csv(f'{dataset_download_path}{filename}')

[2024-03-25T00:58:50.401+0000] {logging_mixin.py:188} INFO - dataset_df.dtypes isbn                   object
book_title             object
book_author            object
year_of_publication    object
publisher              object
dtype: object
[2024-03-25T00:58:50.401+0000] {logging_mixin.py:188} INFO - parquet_loc /opt/***/book-recommendation-dataset/pq/books.parquet
[2024-03-25T00:58:50.413+0000] {python.py:202} INFO - Done. Returned value was: None
[2024-03-25T00:58:50.439+0000] {taskinstance.py:1149} INFO - Marking task as SUCCESS. dag_id=Book-Recommendation-DAG, task_id=do_clean_to_parquet_task, execution_date=20240325T005839, start_date=20240325T005848, end_date=20240325T005850
[2024-03-25T00:58:50.507+0000] {local_task_job_runner.py:234} INFO - Task exited with return code 0
[2024-03-25T00:58:50.545+0000] {taskinstance.py:3312} INFO - 1 downstream tasks scheduled from follow-on schedule check
