[2024-03-25T20:26:05.687+0000] {taskinstance.py:1979} INFO - Dependencies all met for dep_context=non-requeueable deps ti=<TaskInstance: Book-Recommendation-DAG.install_pip_packages_task manual__2024-03-25T20:26:03.956212+00:00 [queued]>
[2024-03-25T20:26:05.693+0000] {taskinstance.py:1979} INFO - Dependencies all met for dep_context=requeueable deps ti=<TaskInstance: Book-Recommendation-DAG.install_pip_packages_task manual__2024-03-25T20:26:03.956212+00:00 [queued]>
[2024-03-25T20:26:05.694+0000] {taskinstance.py:2193} INFO - Starting attempt 1 of 3
[2024-03-25T20:26:05.701+0000] {taskinstance.py:2217} INFO - Executing <Task(BashOperator): install_pip_packages_task> on 2024-03-25 20:26:03.956212+00:00
[2024-03-25T20:26:05.709+0000] {standard_task_runner.py:60} INFO - Started process 1481 to run task
[2024-03-25T20:26:05.712+0000] {standard_task_runner.py:87} INFO - Running: ['***', 'tasks', 'run', 'Book-Recommendation-DAG', 'install_pip_packages_task', 'manual__2024-03-25T20:26:03.956212+00:00', '--job-id', '270', '--raw', '--subdir', 'DAGS_FOLDER/book-recommendation-dag.py', '--cfg-path', '/tmp/tmp0qvfyuy3']
[2024-03-25T20:26:05.716+0000] {standard_task_runner.py:88} INFO - Job 270: Subtask install_pip_packages_task
[2024-03-25T20:26:05.749+0000] {task_command.py:423} INFO - Running <TaskInstance: Book-Recommendation-DAG.install_pip_packages_task manual__2024-03-25T20:26:03.956212+00:00 [running]> on host 992e1288d09b
[2024-03-25T20:26:05.801+0000] {taskinstance.py:2513} INFO - Exporting env vars: AIRFLOW_CTX_DAG_OWNER='iamraphson' AIRFLOW_CTX_DAG_ID='Book-Recommendation-DAG' AIRFLOW_CTX_TASK_ID='install_pip_packages_task' AIRFLOW_CTX_EXECUTION_DATE='2024-03-25T20:26:03.956212+00:00' AIRFLOW_CTX_TRY_NUMBER='1' AIRFLOW_CTX_DAG_RUN_ID='manual__2024-03-25T20:26:03.956212+00:00'
[2024-03-25T20:26:05.803+0000] {subprocess.py:63} INFO - Tmp dir root location: /tmp
[2024-03-25T20:26:05.805+0000] {subprocess.py:75} INFO - Running command: ['/usr/bin/bash', '-c', 'pip install --user kaggle']
[2024-03-25T20:26:05.816+0000] {subprocess.py:86} INFO - Output:
[2024-03-25T20:26:06.286+0000] {subprocess.py:93} INFO - Collecting kaggle
[2024-03-25T20:26:06.287+0000] {subprocess.py:93} INFO -   Using cached kaggle-1.6.8-py3-none-any.whl
[2024-03-25T20:26:06.295+0000] {subprocess.py:93} INFO - Requirement already satisfied: six>=1.10 in /home/***/.local/lib/python3.8/site-packages (from kaggle) (1.16.0)
[2024-03-25T20:26:06.296+0000] {subprocess.py:93} INFO - Requirement already satisfied: certifi>=2023.7.22 in /home/***/.local/lib/python3.8/site-packages (from kaggle) (2024.2.2)
[2024-03-25T20:26:06.296+0000] {subprocess.py:93} INFO - Requirement already satisfied: python-dateutil in /home/***/.local/lib/python3.8/site-packages (from kaggle) (2.9.0.post0)
[2024-03-25T20:26:06.296+0000] {subprocess.py:93} INFO - Requirement already satisfied: requests in /home/***/.local/lib/python3.8/site-packages (from kaggle) (2.31.0)
[2024-03-25T20:26:06.296+0000] {subprocess.py:93} INFO - Requirement already satisfied: tqdm in /home/***/.local/lib/python3.8/site-packages (from kaggle) (4.66.2)
[2024-03-25T20:26:06.297+0000] {subprocess.py:93} INFO - Requirement already satisfied: python-slugify in /home/***/.local/lib/python3.8/site-packages (from kaggle) (8.0.4)
[2024-03-25T20:26:06.297+0000] {subprocess.py:93} INFO - Requirement already satisfied: urllib3 in /home/***/.local/lib/python3.8/site-packages (from kaggle) (1.26.18)
[2024-03-25T20:26:06.298+0000] {subprocess.py:93} INFO - Requirement already satisfied: bleach in /home/***/.local/lib/python3.8/site-packages (from kaggle) (6.1.0)
[2024-03-25T20:26:06.301+0000] {subprocess.py:93} INFO - Requirement already satisfied: webencodings in /home/***/.local/lib/python3.8/site-packages (from bleach->kaggle) (0.5.1)
[2024-03-25T20:26:06.305+0000] {subprocess.py:93} INFO - Requirement already satisfied: text-unidecode>=1.3 in /home/***/.local/lib/python3.8/site-packages (from python-slugify->kaggle) (1.3)
[2024-03-25T20:26:06.308+0000] {subprocess.py:93} INFO - Requirement already satisfied: charset-normalizer<4,>=2 in /home/***/.local/lib/python3.8/site-packages (from requests->kaggle) (3.3.2)
[2024-03-25T20:26:06.309+0000] {subprocess.py:93} INFO - Requirement already satisfied: idna<4,>=2.5 in /home/***/.local/lib/python3.8/site-packages (from requests->kaggle) (3.6)
[2024-03-25T20:26:07.889+0000] {subprocess.py:93} INFO - Installing collected packages: kaggle
[2024-03-25T20:26:07.977+0000] {subprocess.py:93} INFO - Successfully installed kaggle-1.6.8
[2024-03-25T20:26:08.067+0000] {subprocess.py:97} INFO - Command exited with return code 0
[2024-03-25T20:26:08.088+0000] {taskinstance.py:1149} INFO - Marking task as SUCCESS. dag_id=Book-Recommendation-DAG, task_id=install_pip_packages_task, execution_date=20240325T202603, start_date=20240325T202605, end_date=20240325T202608
[2024-03-25T20:26:08.122+0000] {local_task_job_runner.py:234} INFO - Task exited with return code 0
[2024-03-25T20:26:08.143+0000] {taskinstance.py:3312} INFO - 1 downstream tasks scheduled from follow-on schedule check
