[2024-03-25T07:17:24.544+0000] {taskinstance.py:1979} INFO - Dependencies all met for dep_context=non-requeueable deps ti=<TaskInstance: Book-Recommendation-DAG.install_pip_packages_task manual__2024-03-25T07:17:22.569432+00:00 [queued]>
[2024-03-25T07:17:24.549+0000] {taskinstance.py:1979} INFO - Dependencies all met for dep_context=requeueable deps ti=<TaskInstance: Book-Recommendation-DAG.install_pip_packages_task manual__2024-03-25T07:17:22.569432+00:00 [queued]>
[2024-03-25T07:17:24.550+0000] {taskinstance.py:2193} INFO - Starting attempt 1 of 3
[2024-03-25T07:17:24.556+0000] {taskinstance.py:2217} INFO - Executing <Task(BashOperator): install_pip_packages_task> on 2024-03-25 07:17:22.569432+00:00
[2024-03-25T07:17:24.563+0000] {standard_task_runner.py:60} INFO - Started process 71 to run task
[2024-03-25T07:17:24.566+0000] {standard_task_runner.py:87} INFO - Running: ['***', 'tasks', 'run', 'Book-Recommendation-DAG', 'install_pip_packages_task', 'manual__2024-03-25T07:17:22.569432+00:00', '--job-id', '184', '--raw', '--subdir', 'DAGS_FOLDER/book-recommendation-dag.py', '--cfg-path', '/tmp/tmpa95qo0j6']
[2024-03-25T07:17:24.569+0000] {standard_task_runner.py:88} INFO - Job 184: Subtask install_pip_packages_task
[2024-03-25T07:17:24.608+0000] {task_command.py:423} INFO - Running <TaskInstance: Book-Recommendation-DAG.install_pip_packages_task manual__2024-03-25T07:17:22.569432+00:00 [running]> on host 6b88727874e0
[2024-03-25T07:17:24.962+0000] {taskinstance.py:2513} INFO - Exporting env vars: AIRFLOW_CTX_DAG_OWNER='iamraphson' AIRFLOW_CTX_DAG_ID='Book-Recommendation-DAG' AIRFLOW_CTX_TASK_ID='install_pip_packages_task' AIRFLOW_CTX_EXECUTION_DATE='2024-03-25T07:17:22.569432+00:00' AIRFLOW_CTX_TRY_NUMBER='1' AIRFLOW_CTX_DAG_RUN_ID='manual__2024-03-25T07:17:22.569432+00:00'
[2024-03-25T07:17:24.963+0000] {subprocess.py:63} INFO - Tmp dir root location: /tmp
[2024-03-25T07:17:24.964+0000] {subprocess.py:75} INFO - Running command: ['/usr/bin/bash', '-c', 'pip install --user kaggle']
[2024-03-25T07:17:24.975+0000] {subprocess.py:86} INFO - Output:
[2024-03-25T07:17:25.932+0000] {subprocess.py:93} INFO - Collecting kaggle
[2024-03-25T07:17:25.980+0000] {subprocess.py:93} INFO -   Downloading kaggle-1.6.6.tar.gz (84 kB)
[2024-03-25T07:17:25.999+0000] {subprocess.py:93} INFO -      ━━━━━━━━━━━━━━━━━━━━━━━━━━━━━━━━━━━━━━━━ 84.6/84.6 kB 4.5 MB/s eta 0:00:00
[2024-03-25T07:17:26.014+0000] {subprocess.py:93} INFO -   Preparing metadata (setup.py): started
[2024-03-25T07:17:26.460+0000] {subprocess.py:93} INFO -   Preparing metadata (setup.py): finished with status 'done'
[2024-03-25T07:17:26.464+0000] {subprocess.py:93} INFO - Requirement already satisfied: six>=1.10 in /home/***/.local/lib/python3.8/site-packages (from kaggle) (1.16.0)
[2024-03-25T07:17:26.465+0000] {subprocess.py:93} INFO - Requirement already satisfied: certifi in /home/***/.local/lib/python3.8/site-packages (from kaggle) (2024.2.2)
[2024-03-25T07:17:26.465+0000] {subprocess.py:93} INFO - Requirement already satisfied: python-dateutil in /home/***/.local/lib/python3.8/site-packages (from kaggle) (2.9.0.post0)
[2024-03-25T07:17:26.465+0000] {subprocess.py:93} INFO - Requirement already satisfied: requests in /home/***/.local/lib/python3.8/site-packages (from kaggle) (2.31.0)
[2024-03-25T07:17:26.535+0000] {subprocess.py:93} INFO - Collecting tqdm (from kaggle)
[2024-03-25T07:17:26.542+0000] {subprocess.py:93} INFO -   Downloading tqdm-4.66.2-py3-none-any.whl.metadata (57 kB)
[2024-03-25T07:17:26.553+0000] {subprocess.py:93} INFO -      ━━━━━━━━━━━━━━━━━━━━━━━━━━━━━━━━━━━━━━━━ 57.6/57.6 kB 5.5 MB/s eta 0:00:00
[2024-03-25T07:17:26.555+0000] {subprocess.py:93} INFO - Requirement already satisfied: python-slugify in /home/***/.local/lib/python3.8/site-packages (from kaggle) (8.0.4)
[2024-03-25T07:17:26.555+0000] {subprocess.py:93} INFO - Requirement already satisfied: urllib3 in /home/***/.local/lib/python3.8/site-packages (from kaggle) (1.26.18)
[2024-03-25T07:17:26.590+0000] {subprocess.py:93} INFO - Collecting bleach (from kaggle)
[2024-03-25T07:17:26.598+0000] {subprocess.py:93} INFO -   Downloading bleach-6.1.0-py3-none-any.whl.metadata (30 kB)
[2024-03-25T07:17:26.629+0000] {subprocess.py:93} INFO - Collecting webencodings (from bleach->kaggle)
[2024-03-25T07:17:26.636+0000] {subprocess.py:93} INFO -   Downloading webencodings-0.5.1-py2.py3-none-any.whl.metadata (2.1 kB)
[2024-03-25T07:17:26.643+0000] {subprocess.py:93} INFO - Requirement already satisfied: text-unidecode>=1.3 in /home/***/.local/lib/python3.8/site-packages (from python-slugify->kaggle) (1.3)
[2024-03-25T07:17:26.646+0000] {subprocess.py:93} INFO - Requirement already satisfied: charset-normalizer<4,>=2 in /home/***/.local/lib/python3.8/site-packages (from requests->kaggle) (3.3.2)
[2024-03-25T07:17:26.646+0000] {subprocess.py:93} INFO - Requirement already satisfied: idna<4,>=2.5 in /home/***/.local/lib/python3.8/site-packages (from requests->kaggle) (3.6)
[2024-03-25T07:17:26.668+0000] {subprocess.py:93} INFO - Downloading bleach-6.1.0-py3-none-any.whl (162 kB)
[2024-03-25T07:17:26.686+0000] {subprocess.py:93} INFO -    ━━━━━━━━━━━━━━━━━━━━━━━━━━━━━━━━━━━━━━━━ 162.8/162.8 kB 9.9 MB/s eta 0:00:00
[2024-03-25T07:17:26.692+0000] {subprocess.py:93} INFO - Downloading tqdm-4.66.2-py3-none-any.whl (78 kB)
[2024-03-25T07:17:26.701+0000] {subprocess.py:93} INFO -    ━━━━━━━━━━━━━━━━━━━━━━━━━━━━━━━━━━━━━━━━ 78.3/78.3 kB 9.1 MB/s eta 0:00:00
[2024-03-25T07:17:26.708+0000] {subprocess.py:93} INFO - Downloading webencodings-0.5.1-py2.py3-none-any.whl (11 kB)
[2024-03-25T07:17:26.715+0000] {subprocess.py:93} INFO - Building wheels for collected packages: kaggle
[2024-03-25T07:17:26.716+0000] {subprocess.py:93} INFO -   Building wheel for kaggle (setup.py): started
[2024-03-25T07:17:27.153+0000] {subprocess.py:93} INFO -   Building wheel for kaggle (setup.py): finished with status 'done'
[2024-03-25T07:17:27.153+0000] {subprocess.py:93} INFO -   Created wheel for kaggle: filename=kaggle-1.6.6-py3-none-any.whl size=111941 sha256=c6a3e7ea8465892a775fe919a5f23fcec1bd5752b0d5d4fc43b9b15a1f1d7e9b
[2024-03-25T07:17:27.154+0000] {subprocess.py:93} INFO -   Stored in directory: /home/***/.cache/pip/wheels/0a/e0/6d/fbc9dff0a755904e8a1a5e0730d0918114270dc17c391c9a91
[2024-03-25T07:17:27.156+0000] {subprocess.py:93} INFO - Successfully built kaggle
[2024-03-25T07:17:28.703+0000] {subprocess.py:93} INFO - Installing collected packages: webencodings, tqdm, bleach, kaggle
[2024-03-25T07:17:28.874+0000] {subprocess.py:93} INFO - Successfully installed bleach-6.1.0 kaggle-1.6.6 tqdm-4.66.2 webencodings-0.5.1
[2024-03-25T07:17:29.105+0000] {subprocess.py:97} INFO - Command exited with return code 0
[2024-03-25T07:17:29.124+0000] {taskinstance.py:1149} INFO - Marking task as SUCCESS. dag_id=Book-Recommendation-DAG, task_id=install_pip_packages_task, execution_date=20240325T071722, start_date=20240325T071724, end_date=20240325T071729
[2024-03-25T07:17:29.161+0000] {local_task_job_runner.py:234} INFO - Task exited with return code 0
[2024-03-25T07:17:29.178+0000] {taskinstance.py:3312} INFO - 1 downstream tasks scheduled from follow-on schedule check
