[2024-03-25T20:26:12.780+0000] {taskinstance.py:1979} INFO - Dependencies all met for dep_context=non-requeueable deps ti=<TaskInstance: Book-Recommendation-DAG.do_clean_to_parquet_task manual__2024-03-25T20:26:03.956212+00:00 [queued]>
[2024-03-25T20:26:12.784+0000] {taskinstance.py:1979} INFO - Dependencies all met for dep_context=requeueable deps ti=<TaskInstance: Book-Recommendation-DAG.do_clean_to_parquet_task manual__2024-03-25T20:26:03.956212+00:00 [queued]>
[2024-03-25T20:26:12.785+0000] {taskinstance.py:2193} INFO - Starting attempt 1 of 3
[2024-03-25T20:26:12.790+0000] {taskinstance.py:2217} INFO - Executing <Task(PythonOperator): do_clean_to_parquet_task> on 2024-03-25 20:26:03.956212+00:00
[2024-03-25T20:26:12.794+0000] {standard_task_runner.py:60} INFO - Started process 1533 to run task
[2024-03-25T20:26:12.796+0000] {standard_task_runner.py:87} INFO - Running: ['***', 'tasks', 'run', 'Book-Recommendation-DAG', 'do_clean_to_parquet_task', 'manual__2024-03-25T20:26:03.956212+00:00', '--job-id', '272', '--raw', '--subdir', 'DAGS_FOLDER/book-recommendation-dag.py', '--cfg-path', '/tmp/tmpvy52qhlc']
[2024-03-25T20:26:12.798+0000] {standard_task_runner.py:88} INFO - Job 272: Subtask do_clean_to_parquet_task
[2024-03-25T20:26:12.822+0000] {task_command.py:423} INFO - Running <TaskInstance: Book-Recommendation-DAG.do_clean_to_parquet_task manual__2024-03-25T20:26:03.956212+00:00 [running]> on host 992e1288d09b
[2024-03-25T20:26:12.861+0000] {taskinstance.py:2513} INFO - Exporting env vars: AIRFLOW_CTX_DAG_OWNER='iamraphson' AIRFLOW_CTX_DAG_ID='Book-Recommendation-DAG' AIRFLOW_CTX_TASK_ID='do_clean_to_parquet_task' AIRFLOW_CTX_EXECUTION_DATE='2024-03-25T20:26:03.956212+00:00' AIRFLOW_CTX_TRY_NUMBER='1' AIRFLOW_CTX_DAG_RUN_ID='manual__2024-03-25T20:26:03.956212+00:00'
[2024-03-25T20:26:13.224+0000] {logging_mixin.py:188} INFO - dataset_df.columns Index(['user_id', 'isbn', 'rating'], dtype='object')
[2024-03-25T20:26:13.383+0000] {book-recommendation-dag.py:106} INFO - Done cleaning up!
[2024-03-25T20:26:14.582+0000] {logging_mixin.py:188} INFO - dataset_df.columns Index(['user_id', 'age', 'city', 'state', 'country'], dtype='object')
[2024-03-25T20:26:14.689+0000] {book-recommendation-dag.py:106} INFO - Done cleaning up!
[2024-03-25T20:26:15.843+0000] {warnings.py:109} WARNING - /opt/***/dags/book-recommendation-dag.py:52: DtypeWarning: Columns (3) have mixed types. Specify dtype option on import or set low_memory=False.
  dataset_df = pd.read_csv(f'{dataset_download_path}{filename}')

[2024-03-25T20:26:16.026+0000] {logging_mixin.py:188} INFO - dataset_df.columns Index(['isbn', 'book_title', 'book_author', 'year_of_publication',
       'publisher'],
      dtype='object')
[2024-03-25T20:26:16.227+0000] {book-recommendation-dag.py:106} INFO - Done cleaning up!
[2024-03-25T20:26:16.243+0000] {python.py:202} INFO - Done. Returned value was: None
[2024-03-25T20:26:16.254+0000] {taskinstance.py:1149} INFO - Marking task as SUCCESS. dag_id=Book-Recommendation-DAG, task_id=do_clean_to_parquet_task, execution_date=20240325T202603, start_date=20240325T202612, end_date=20240325T202616
[2024-03-25T20:26:16.331+0000] {local_task_job_runner.py:234} INFO - Task exited with return code 0
[2024-03-25T20:26:16.377+0000] {taskinstance.py:3312} INFO - 1 downstream tasks scheduled from follow-on schedule check
