[2024-03-25T03:35:01.576+0000] {taskinstance.py:1979} INFO - Dependencies all met for dep_context=non-requeueable deps ti=<TaskInstance: Book-Recommendation-DAG.do_clean_to_parquet_task manual__2024-03-25T03:34:53.060749+00:00 [queued]>
[2024-03-25T03:35:01.580+0000] {taskinstance.py:1979} INFO - Dependencies all met for dep_context=requeueable deps ti=<TaskInstance: Book-Recommendation-DAG.do_clean_to_parquet_task manual__2024-03-25T03:34:53.060749+00:00 [queued]>
[2024-03-25T03:35:01.580+0000] {taskinstance.py:2193} INFO - Starting attempt 1 of 3
[2024-03-25T03:35:01.586+0000] {taskinstance.py:2217} INFO - Executing <Task(PythonOperator): do_clean_to_parquet_task> on 2024-03-25 03:34:53.060749+00:00
[2024-03-25T03:35:01.590+0000] {standard_task_runner.py:60} INFO - Started process 3858 to run task
[2024-03-25T03:35:01.593+0000] {standard_task_runner.py:87} INFO - Running: ['***', 'tasks', 'run', 'Book-Recommendation-DAG', 'do_clean_to_parquet_task', 'manual__2024-03-25T03:34:53.060749+00:00', '--job-id', '63', '--raw', '--subdir', 'DAGS_FOLDER/book-recommendation-dag.py', '--cfg-path', '/tmp/tmp7sd5wbwy']
[2024-03-25T03:35:01.596+0000] {standard_task_runner.py:88} INFO - Job 63: Subtask do_clean_to_parquet_task
[2024-03-25T03:35:01.627+0000] {task_command.py:423} INFO - Running <TaskInstance: Book-Recommendation-DAG.do_clean_to_parquet_task manual__2024-03-25T03:34:53.060749+00:00 [running]> on host 9654d883592e
[2024-03-25T03:35:01.681+0000] {taskinstance.py:2513} INFO - Exporting env vars: AIRFLOW_CTX_DAG_OWNER='iamraphson' AIRFLOW_CTX_DAG_ID='Book-Recommendation-DAG' AIRFLOW_CTX_TASK_ID='do_clean_to_parquet_task' AIRFLOW_CTX_EXECUTION_DATE='2024-03-25T03:34:53.060749+00:00' AIRFLOW_CTX_TRY_NUMBER='1' AIRFLOW_CTX_DAG_RUN_ID='manual__2024-03-25T03:34:53.060749+00:00'
[2024-03-25T03:35:03.135+0000] {warnings.py:109} WARNING - /opt/***/dags/book-recommendation-dag.py:27: DtypeWarning: Columns (3) have mixed types. Specify dtype option on import or set low_memory=False.
  dataset_df = pd.read_csv(f'{dataset_download_path}{filename}', dtype=books_dtype)

[2024-03-25T03:35:03.158+0000] {logging_mixin.py:188} INFO - dataset_df.dtypes1 ISBN                   object
Book-Title             object
Book-Author            object
Year-Of-Publication    object
Publisher              object
Image-URL-S            object
Image-URL-M            object
Image-URL-L            object
dtype: object
[2024-03-25T03:35:03.190+0000] {logging_mixin.py:188} INFO - dataset_df.dtypes isbn                   object
book_title             object
book_author            object
year_of_publication    object
publisher              object
dtype: object
[2024-03-25T03:35:03.190+0000] {logging_mixin.py:188} INFO - parquet_loc /opt/***/book-recommendation-dataset/pq/books.parquet
[2024-03-25T03:35:03.202+0000] {python.py:202} INFO - Done. Returned value was: None
[2024-03-25T03:35:03.210+0000] {taskinstance.py:1149} INFO - Marking task as SUCCESS. dag_id=Book-Recommendation-DAG, task_id=do_clean_to_parquet_task, execution_date=20240325T033453, start_date=20240325T033501, end_date=20240325T033503
[2024-03-25T03:35:03.249+0000] {local_task_job_runner.py:234} INFO - Task exited with return code 0
[2024-03-25T03:35:03.264+0000] {taskinstance.py:3312} INFO - 1 downstream tasks scheduled from follow-on schedule check
