[2024-03-25T20:01:57.276+0000] {taskinstance.py:1979} INFO - Dependencies all met for dep_context=non-requeueable deps ti=<TaskInstance: Book-Recommendation-DAG.do_clean_to_parquet_task manual__2024-03-25T20:01:50.434895+00:00 [queued]>
[2024-03-25T20:01:57.280+0000] {taskinstance.py:1979} INFO - Dependencies all met for dep_context=requeueable deps ti=<TaskInstance: Book-Recommendation-DAG.do_clean_to_parquet_task manual__2024-03-25T20:01:50.434895+00:00 [queued]>
[2024-03-25T20:01:57.281+0000] {taskinstance.py:2193} INFO - Starting attempt 1 of 3
[2024-03-25T20:01:57.287+0000] {taskinstance.py:2217} INFO - Executing <Task(PythonOperator): do_clean_to_parquet_task> on 2024-03-25 20:01:50.434895+00:00
[2024-03-25T20:01:57.290+0000] {standard_task_runner.py:60} INFO - Started process 885 to run task
[2024-03-25T20:01:57.292+0000] {standard_task_runner.py:87} INFO - Running: ['***', 'tasks', 'run', 'Book-Recommendation-DAG', 'do_clean_to_parquet_task', 'manual__2024-03-25T20:01:50.434895+00:00', '--job-id', '250', '--raw', '--subdir', 'DAGS_FOLDER/book-recommendation-dag.py', '--cfg-path', '/tmp/tmp1w4au55w']
[2024-03-25T20:01:57.294+0000] {standard_task_runner.py:88} INFO - Job 250: Subtask do_clean_to_parquet_task
[2024-03-25T20:01:57.317+0000] {task_command.py:423} INFO - Running <TaskInstance: Book-Recommendation-DAG.do_clean_to_parquet_task manual__2024-03-25T20:01:50.434895+00:00 [running]> on host 992e1288d09b
[2024-03-25T20:01:57.355+0000] {taskinstance.py:2513} INFO - Exporting env vars: AIRFLOW_CTX_DAG_OWNER='iamraphson' AIRFLOW_CTX_DAG_ID='Book-Recommendation-DAG' AIRFLOW_CTX_TASK_ID='do_clean_to_parquet_task' AIRFLOW_CTX_EXECUTION_DATE='2024-03-25T20:01:50.434895+00:00' AIRFLOW_CTX_TRY_NUMBER='1' AIRFLOW_CTX_DAG_RUN_ID='manual__2024-03-25T20:01:50.434895+00:00'
[2024-03-25T20:01:57.642+0000] {logging_mixin.py:188} INFO - parquet_loc /opt/***/book-recommendation-dataset/pq/ratings.parquet (1149780, 3)
[2024-03-25T20:01:57.774+0000] {book-recommendation-dag.py:108} INFO - Done cleaning up!
[2024-03-25T20:01:58.709+0000] {logging_mixin.py:188} INFO - parquet_loc /opt/***/book-recommendation-dataset/pq/users.parquet (278858, 5)
[2024-03-25T20:01:58.778+0000] {book-recommendation-dag.py:108} INFO - Done cleaning up!
[2024-03-25T20:01:59.591+0000] {warnings.py:109} WARNING - /opt/***/dags/book-recommendation-dag.py:54: DtypeWarning: Columns (3) have mixed types. Specify dtype option on import or set low_memory=False.
  dataset_df = pd.read_csv(f'{dataset_download_path}{filename}')

[2024-03-25T20:01:59.748+0000] {logging_mixin.py:188} INFO - parquet_loc /opt/***/book-recommendation-dataset/pq/books.parquet (271357, 5)
[2024-03-25T20:01:59.934+0000] {book-recommendation-dag.py:108} INFO - Done cleaning up!
[2024-03-25T20:01:59.947+0000] {python.py:202} INFO - Done. Returned value was: None
[2024-03-25T20:01:59.954+0000] {taskinstance.py:1149} INFO - Marking task as SUCCESS. dag_id=Book-Recommendation-DAG, task_id=do_clean_to_parquet_task, execution_date=20240325T200150, start_date=20240325T200157, end_date=20240325T200159
[2024-03-25T20:01:59.984+0000] {local_task_job_runner.py:234} INFO - Task exited with return code 0
[2024-03-25T20:02:00.025+0000] {taskinstance.py:3312} INFO - 1 downstream tasks scheduled from follow-on schedule check
