[2024-03-26T01:46:57.019+0000] {taskinstance.py:1979} INFO - Dependencies all met for dep_context=non-requeueable deps ti=<TaskInstance: Book-Recommendation-DAG.do_clean_to_parquet_task manual__2024-03-26T01:46:48.591069+00:00 [queued]>
[2024-03-26T01:46:57.024+0000] {taskinstance.py:1979} INFO - Dependencies all met for dep_context=requeueable deps ti=<TaskInstance: Book-Recommendation-DAG.do_clean_to_parquet_task manual__2024-03-26T01:46:48.591069+00:00 [queued]>
[2024-03-26T01:46:57.024+0000] {taskinstance.py:2193} INFO - Starting attempt 1 of 3
[2024-03-26T01:46:57.030+0000] {taskinstance.py:2217} INFO - Executing <Task(PythonOperator): do_clean_to_parquet_task> on 2024-03-26 01:46:48.591069+00:00
[2024-03-26T01:46:57.034+0000] {standard_task_runner.py:60} INFO - Started process 3100 to run task
[2024-03-26T01:46:57.036+0000] {standard_task_runner.py:87} INFO - Running: ['***', 'tasks', 'run', 'Book-Recommendation-DAG', 'do_clean_to_parquet_task', 'manual__2024-03-26T01:46:48.591069+00:00', '--job-id', '315', '--raw', '--subdir', 'DAGS_FOLDER/book-recommendation-dag.py', '--cfg-path', '/tmp/tmpbq3n_3t7']
[2024-03-26T01:46:57.038+0000] {standard_task_runner.py:88} INFO - Job 315: Subtask do_clean_to_parquet_task
[2024-03-26T01:46:57.063+0000] {task_command.py:423} INFO - Running <TaskInstance: Book-Recommendation-DAG.do_clean_to_parquet_task manual__2024-03-26T01:46:48.591069+00:00 [running]> on host 992e1288d09b
[2024-03-26T01:46:57.098+0000] {taskinstance.py:2513} INFO - Exporting env vars: AIRFLOW_CTX_DAG_OWNER='iamraphson' AIRFLOW_CTX_DAG_ID='Book-Recommendation-DAG' AIRFLOW_CTX_TASK_ID='do_clean_to_parquet_task' AIRFLOW_CTX_EXECUTION_DATE='2024-03-26T01:46:48.591069+00:00' AIRFLOW_CTX_TRY_NUMBER='1' AIRFLOW_CTX_DAG_RUN_ID='manual__2024-03-26T01:46:48.591069+00:00'
[2024-03-26T01:46:58.115+0000] {logging_mixin.py:188} INFO - dataset_df.columns Index(['user_id', 'isbn', 'rating'], dtype='object')
[2024-03-26T01:46:58.290+0000] {book-recommendation-dag.py:109} INFO - Done cleaning up!
[2024-03-26T01:46:59.606+0000] {logging_mixin.py:188} INFO - dataset_df.columns Index(['user_id', 'age', 'city', 'state', 'country'], dtype='object')
[2024-03-26T01:46:59.692+0000] {book-recommendation-dag.py:109} INFO - Done cleaning up!
[2024-03-26T01:47:00.788+0000] {warnings.py:109} WARNING - /opt/***/dags/book-recommendation-dag.py:53: DtypeWarning: Columns (3) have mixed types. Specify dtype option on import or set low_memory=False.
  dataset_df = pd.read_csv(f'{dataset_download_path}{filename}')

[2024-03-26T01:47:00.945+0000] {logging_mixin.py:188} INFO - dataset_df.columns Index(['isbn', 'book_title', 'book_author', 'year_of_publication',
       'publisher'],
      dtype='object')
[2024-03-26T01:47:01.110+0000] {book-recommendation-dag.py:109} INFO - Done cleaning up!
[2024-03-26T01:47:01.127+0000] {python.py:202} INFO - Done. Returned value was: None
[2024-03-26T01:47:01.134+0000] {taskinstance.py:1149} INFO - Marking task as SUCCESS. dag_id=Book-Recommendation-DAG, task_id=do_clean_to_parquet_task, execution_date=20240326T014648, start_date=20240326T014657, end_date=20240326T014701
[2024-03-26T01:47:01.183+0000] {local_task_job_runner.py:234} INFO - Task exited with return code 0
[2024-03-26T01:47:01.219+0000] {taskinstance.py:3312} INFO - 1 downstream tasks scheduled from follow-on schedule check
