[2024-03-25T06:48:01.718+0000] {taskinstance.py:1979} INFO - Dependencies all met for dep_context=non-requeueable deps ti=<TaskInstance: Book-Recommendation-DAG.install_pip_packages_task manual__2024-03-25T06:47:59.940498+00:00 [queued]>
[2024-03-25T06:48:01.724+0000] {taskinstance.py:1979} INFO - Dependencies all met for dep_context=requeueable deps ti=<TaskInstance: Book-Recommendation-DAG.install_pip_packages_task manual__2024-03-25T06:47:59.940498+00:00 [queued]>
[2024-03-25T06:48:01.724+0000] {taskinstance.py:2193} INFO - Starting attempt 1 of 3
[2024-03-25T06:48:01.730+0000] {taskinstance.py:2217} INFO - Executing <Task(BashOperator): install_pip_packages_task> on 2024-03-25 06:47:59.940498+00:00
[2024-03-25T06:48:01.739+0000] {standard_task_runner.py:60} INFO - Started process 199 to run task
[2024-03-25T06:48:01.743+0000] {standard_task_runner.py:87} INFO - Running: ['***', 'tasks', 'run', 'Book-Recommendation-DAG', 'install_pip_packages_task', 'manual__2024-03-25T06:47:59.940498+00:00', '--job-id', '176', '--raw', '--subdir', 'DAGS_FOLDER/book-recommendation-dag.py', '--cfg-path', '/tmp/tmp1o2t3piz']
[2024-03-25T06:48:01.745+0000] {standard_task_runner.py:88} INFO - Job 176: Subtask install_pip_packages_task
[2024-03-25T06:48:01.779+0000] {task_command.py:423} INFO - Running <TaskInstance: Book-Recommendation-DAG.install_pip_packages_task manual__2024-03-25T06:47:59.940498+00:00 [running]> on host 238c395584a2
[2024-03-25T06:48:02.197+0000] {taskinstance.py:2513} INFO - Exporting env vars: AIRFLOW_CTX_DAG_OWNER='iamraphson' AIRFLOW_CTX_DAG_ID='Book-Recommendation-DAG' AIRFLOW_CTX_TASK_ID='install_pip_packages_task' AIRFLOW_CTX_EXECUTION_DATE='2024-03-25T06:47:59.940498+00:00' AIRFLOW_CTX_TRY_NUMBER='1' AIRFLOW_CTX_DAG_RUN_ID='manual__2024-03-25T06:47:59.940498+00:00'
[2024-03-25T06:48:02.198+0000] {subprocess.py:63} INFO - Tmp dir root location: /tmp
[2024-03-25T06:48:02.199+0000] {subprocess.py:75} INFO - Running command: ['/usr/bin/bash', '-c', 'pip install --user kaggle']
[2024-03-25T06:48:02.211+0000] {subprocess.py:86} INFO - Output:
[2024-03-25T06:48:03.300+0000] {subprocess.py:93} INFO - Collecting kaggle
[2024-03-25T06:48:03.347+0000] {subprocess.py:93} INFO -   Downloading kaggle-1.6.6.tar.gz (84 kB)
[2024-03-25T06:48:03.367+0000] {subprocess.py:93} INFO -      ━━━━━━━━━━━━━━━━━━━━━━━━━━━━━━━━━━━━━━━━ 84.6/84.6 kB 4.6 MB/s eta 0:00:00
[2024-03-25T06:48:03.401+0000] {subprocess.py:93} INFO -   Preparing metadata (setup.py): started
[2024-03-25T06:48:03.829+0000] {subprocess.py:93} INFO -   Preparing metadata (setup.py): finished with status 'done'
[2024-03-25T06:48:03.835+0000] {subprocess.py:93} INFO - Requirement already satisfied: six>=1.10 in /home/***/.local/lib/python3.8/site-packages (from kaggle) (1.16.0)
[2024-03-25T06:48:03.836+0000] {subprocess.py:93} INFO - Requirement already satisfied: certifi in /home/***/.local/lib/python3.8/site-packages (from kaggle) (2024.2.2)
[2024-03-25T06:48:03.836+0000] {subprocess.py:93} INFO - Requirement already satisfied: python-dateutil in /home/***/.local/lib/python3.8/site-packages (from kaggle) (2.9.0.post0)
[2024-03-25T06:48:03.836+0000] {subprocess.py:93} INFO - Requirement already satisfied: requests in /home/***/.local/lib/python3.8/site-packages (from kaggle) (2.31.0)
[2024-03-25T06:48:03.908+0000] {subprocess.py:93} INFO - Collecting tqdm (from kaggle)
[2024-03-25T06:48:03.922+0000] {subprocess.py:93} INFO -   Downloading tqdm-4.66.2-py3-none-any.whl.metadata (57 kB)
[2024-03-25T06:48:03.934+0000] {subprocess.py:93} INFO -      ━━━━━━━━━━━━━━━━━━━━━━━━━━━━━━━━━━━━━━━━ 57.6/57.6 kB 6.4 MB/s eta 0:00:00
[2024-03-25T06:48:03.936+0000] {subprocess.py:93} INFO - Requirement already satisfied: python-slugify in /home/***/.local/lib/python3.8/site-packages (from kaggle) (8.0.4)
[2024-03-25T06:48:03.937+0000] {subprocess.py:93} INFO - Requirement already satisfied: urllib3 in /home/***/.local/lib/python3.8/site-packages (from kaggle) (1.26.18)
[2024-03-25T06:48:03.972+0000] {subprocess.py:93} INFO - Collecting bleach (from kaggle)
[2024-03-25T06:48:03.978+0000] {subprocess.py:93} INFO -   Downloading bleach-6.1.0-py3-none-any.whl.metadata (30 kB)
[2024-03-25T06:48:04.013+0000] {subprocess.py:93} INFO - Collecting webencodings (from bleach->kaggle)
[2024-03-25T06:48:04.020+0000] {subprocess.py:93} INFO -   Downloading webencodings-0.5.1-py2.py3-none-any.whl.metadata (2.1 kB)
[2024-03-25T06:48:04.027+0000] {subprocess.py:93} INFO - Requirement already satisfied: text-unidecode>=1.3 in /home/***/.local/lib/python3.8/site-packages (from python-slugify->kaggle) (1.3)
[2024-03-25T06:48:04.031+0000] {subprocess.py:93} INFO - Requirement already satisfied: charset-normalizer<4,>=2 in /home/***/.local/lib/python3.8/site-packages (from requests->kaggle) (3.3.2)
[2024-03-25T06:48:04.031+0000] {subprocess.py:93} INFO - Requirement already satisfied: idna<4,>=2.5 in /home/***/.local/lib/python3.8/site-packages (from requests->kaggle) (3.6)
[2024-03-25T06:48:04.056+0000] {subprocess.py:93} INFO - Downloading bleach-6.1.0-py3-none-any.whl (162 kB)
[2024-03-25T06:48:04.071+0000] {subprocess.py:93} INFO -    ━━━━━━━━━━━━━━━━━━━━━━━━━━━━━━━━━━━━━━━━ 162.8/162.8 kB 11.1 MB/s eta 0:00:00
[2024-03-25T06:48:04.078+0000] {subprocess.py:93} INFO - Downloading tqdm-4.66.2-py3-none-any.whl (78 kB)
[2024-03-25T06:48:04.090+0000] {subprocess.py:93} INFO -    ━━━━━━━━━━━━━━━━━━━━━━━━━━━━━━━━━━━━━━━━ 78.3/78.3 kB 7.9 MB/s eta 0:00:00
[2024-03-25T06:48:04.098+0000] {subprocess.py:93} INFO - Downloading webencodings-0.5.1-py2.py3-none-any.whl (11 kB)
[2024-03-25T06:48:04.106+0000] {subprocess.py:93} INFO - Building wheels for collected packages: kaggle
[2024-03-25T06:48:04.106+0000] {subprocess.py:93} INFO -   Building wheel for kaggle (setup.py): started
[2024-03-25T06:48:04.528+0000] {subprocess.py:93} INFO -   Building wheel for kaggle (setup.py): finished with status 'done'
[2024-03-25T06:48:04.528+0000] {subprocess.py:93} INFO -   Created wheel for kaggle: filename=kaggle-1.6.6-py3-none-any.whl size=111941 sha256=0a900c12996c60c959d3884a5f8ed3ea3e56943d050d4450130c2a0b923d00de
[2024-03-25T06:48:04.528+0000] {subprocess.py:93} INFO -   Stored in directory: /home/***/.cache/pip/wheels/0a/e0/6d/fbc9dff0a755904e8a1a5e0730d0918114270dc17c391c9a91
[2024-03-25T06:48:04.530+0000] {subprocess.py:93} INFO - Successfully built kaggle
[2024-03-25T06:48:06.125+0000] {subprocess.py:93} INFO - Installing collected packages: webencodings, tqdm, bleach, kaggle
[2024-03-25T06:48:06.318+0000] {subprocess.py:93} INFO - Successfully installed bleach-6.1.0 kaggle-1.6.6 tqdm-4.66.2 webencodings-0.5.1
[2024-03-25T06:48:06.548+0000] {subprocess.py:97} INFO - Command exited with return code 0
[2024-03-25T06:48:06.573+0000] {taskinstance.py:1149} INFO - Marking task as SUCCESS. dag_id=Book-Recommendation-DAG, task_id=install_pip_packages_task, execution_date=20240325T064759, start_date=20240325T064801, end_date=20240325T064806
[2024-03-25T06:48:06.637+0000] {local_task_job_runner.py:234} INFO - Task exited with return code 0
[2024-03-25T06:48:06.666+0000] {taskinstance.py:3312} INFO - 1 downstream tasks scheduled from follow-on schedule check
