[2024-03-25T06:48:12.032+0000] {taskinstance.py:1979} INFO - Dependencies all met for dep_context=non-requeueable deps ti=<TaskInstance: Book-Recommendation-DAG.do_clean_to_parquet_task manual__2024-03-25T06:47:59.940498+00:00 [queued]>
[2024-03-25T06:48:12.049+0000] {taskinstance.py:1979} INFO - Dependencies all met for dep_context=requeueable deps ti=<TaskInstance: Book-Recommendation-DAG.do_clean_to_parquet_task manual__2024-03-25T06:47:59.940498+00:00 [queued]>
[2024-03-25T06:48:12.050+0000] {taskinstance.py:2193} INFO - Starting attempt 1 of 3
[2024-03-25T06:48:12.068+0000] {taskinstance.py:2217} INFO - Executing <Task(PythonOperator): do_clean_to_parquet_task> on 2024-03-25 06:47:59.940498+00:00
[2024-03-25T06:48:12.081+0000] {standard_task_runner.py:60} INFO - Started process 266 to run task
[2024-03-25T06:48:12.085+0000] {standard_task_runner.py:87} INFO - Running: ['***', 'tasks', 'run', 'Book-Recommendation-DAG', 'do_clean_to_parquet_task', 'manual__2024-03-25T06:47:59.940498+00:00', '--job-id', '178', '--raw', '--subdir', 'DAGS_FOLDER/book-recommendation-dag.py', '--cfg-path', '/tmp/tmp1v020rw7']
[2024-03-25T06:48:12.088+0000] {standard_task_runner.py:88} INFO - Job 178: Subtask do_clean_to_parquet_task
[2024-03-25T06:48:12.123+0000] {task_command.py:423} INFO - Running <TaskInstance: Book-Recommendation-DAG.do_clean_to_parquet_task manual__2024-03-25T06:47:59.940498+00:00 [running]> on host 238c395584a2
[2024-03-25T06:48:12.174+0000] {taskinstance.py:2513} INFO - Exporting env vars: AIRFLOW_CTX_DAG_OWNER='iamraphson' AIRFLOW_CTX_DAG_ID='Book-Recommendation-DAG' AIRFLOW_CTX_TASK_ID='do_clean_to_parquet_task' AIRFLOW_CTX_EXECUTION_DATE='2024-03-25T06:47:59.940498+00:00' AIRFLOW_CTX_TRY_NUMBER='1' AIRFLOW_CTX_DAG_RUN_ID='manual__2024-03-25T06:47:59.940498+00:00'
[2024-03-25T06:48:12.636+0000] {logging_mixin.py:188} INFO - parquet_loc /opt/***/book-recommendation-dataset/pq/ratings.parquet (1149780, 3)
[2024-03-25T06:48:13.009+0000] {book-recommendation-dag.py:99} INFO - Done cleaning up!
[2024-03-25T06:48:14.016+0000] {logging_mixin.py:188} INFO - parquet_loc /opt/***/book-recommendation-dataset/pq/users.parquet (278858, 5)
[2024-03-25T06:48:14.093+0000] {book-recommendation-dag.py:99} INFO - Done cleaning up!
[2024-03-25T06:48:15.349+0000] {warnings.py:109} WARNING - /opt/***/dags/book-recommendation-dag.py:45: DtypeWarning: Columns (3) have mixed types. Specify dtype option on import or set low_memory=False.
  dataset_df = pd.read_csv(f'{dataset_download_path}{filename}')

[2024-03-25T06:48:15.532+0000] {logging_mixin.py:188} INFO - parquet_loc /opt/***/book-recommendation-dataset/pq/books.parquet (271357, 5)
[2024-03-25T06:48:15.776+0000] {book-recommendation-dag.py:99} INFO - Done cleaning up!
[2024-03-25T06:48:15.798+0000] {python.py:202} INFO - Done. Returned value was: None
[2024-03-25T06:48:15.806+0000] {taskinstance.py:1149} INFO - Marking task as SUCCESS. dag_id=Book-Recommendation-DAG, task_id=do_clean_to_parquet_task, execution_date=20240325T064759, start_date=20240325T064812, end_date=20240325T064815
[2024-03-25T06:48:15.886+0000] {local_task_job_runner.py:234} INFO - Task exited with return code 0
[2024-03-25T06:48:15.908+0000] {taskinstance.py:3312} INFO - 1 downstream tasks scheduled from follow-on schedule check
