[2024-03-26T02:00:36.410+0000] {taskinstance.py:1979} INFO - Dependencies all met for dep_context=non-requeueable deps ti=<TaskInstance: Book-Recommendation-DAG.do_clean_to_parquet_task manual__2024-03-26T02:00:27.254684+00:00 [queued]>
[2024-03-26T02:00:36.415+0000] {taskinstance.py:1979} INFO - Dependencies all met for dep_context=requeueable deps ti=<TaskInstance: Book-Recommendation-DAG.do_clean_to_parquet_task manual__2024-03-26T02:00:27.254684+00:00 [queued]>
[2024-03-26T02:00:36.415+0000] {taskinstance.py:2193} INFO - Starting attempt 1 of 3
[2024-03-26T02:00:36.420+0000] {taskinstance.py:2217} INFO - Executing <Task(PythonOperator): do_clean_to_parquet_task> on 2024-03-26 02:00:27.254684+00:00
[2024-03-26T02:00:36.424+0000] {standard_task_runner.py:60} INFO - Started process 3763 to run task
[2024-03-26T02:00:36.426+0000] {standard_task_runner.py:87} INFO - Running: ['***', 'tasks', 'run', 'Book-Recommendation-DAG', 'do_clean_to_parquet_task', 'manual__2024-03-26T02:00:27.254684+00:00', '--job-id', '357', '--raw', '--subdir', 'DAGS_FOLDER/book-recommendation-dag.py', '--cfg-path', '/tmp/tmp3b2z07u3']
[2024-03-26T02:00:36.428+0000] {standard_task_runner.py:88} INFO - Job 357: Subtask do_clean_to_parquet_task
[2024-03-26T02:00:36.452+0000] {task_command.py:423} INFO - Running <TaskInstance: Book-Recommendation-DAG.do_clean_to_parquet_task manual__2024-03-26T02:00:27.254684+00:00 [running]> on host 992e1288d09b
[2024-03-26T02:00:36.492+0000] {taskinstance.py:2513} INFO - Exporting env vars: AIRFLOW_CTX_DAG_OWNER='iamraphson' AIRFLOW_CTX_DAG_ID='Book-Recommendation-DAG' AIRFLOW_CTX_TASK_ID='do_clean_to_parquet_task' AIRFLOW_CTX_EXECUTION_DATE='2024-03-26T02:00:27.254684+00:00' AIRFLOW_CTX_TRY_NUMBER='1' AIRFLOW_CTX_DAG_RUN_ID='manual__2024-03-26T02:00:27.254684+00:00'
[2024-03-26T02:00:37.302+0000] {logging_mixin.py:188} INFO - dataset_df.columns Index(['user_id', 'isbn', 'rating'], dtype='object')
[2024-03-26T02:00:37.450+0000] {book-recommendation-dag.py:109} INFO - Done cleaning up!
[2024-03-26T02:00:38.561+0000] {logging_mixin.py:188} INFO - dataset_df.columns Index(['user_id', 'age', 'city', 'state', 'country'], dtype='object')
[2024-03-26T02:00:38.652+0000] {book-recommendation-dag.py:109} INFO - Done cleaning up!
[2024-03-26T02:00:39.477+0000] {warnings.py:109} WARNING - /opt/***/dags/book-recommendation-dag.py:53: DtypeWarning: Columns (3) have mixed types. Specify dtype option on import or set low_memory=False.
  dataset_df = pd.read_csv(f'{dataset_download_path}{filename}')

[2024-03-26T02:00:39.632+0000] {logging_mixin.py:188} INFO - dataset_df.columns Index(['isbn', 'book_title', 'book_author', 'year_of_publication',
       'publisher'],
      dtype='object')
[2024-03-26T02:00:39.795+0000] {book-recommendation-dag.py:109} INFO - Done cleaning up!
[2024-03-26T02:00:39.809+0000] {python.py:202} INFO - Done. Returned value was: None
[2024-03-26T02:00:39.816+0000] {taskinstance.py:1149} INFO - Marking task as SUCCESS. dag_id=Book-Recommendation-DAG, task_id=do_clean_to_parquet_task, execution_date=20240326T020027, start_date=20240326T020036, end_date=20240326T020039
[2024-03-26T02:00:39.877+0000] {local_task_job_runner.py:234} INFO - Task exited with return code 0
[2024-03-26T02:00:39.905+0000] {taskinstance.py:3312} INFO - 1 downstream tasks scheduled from follow-on schedule check
