[2024-03-25T07:17:32.668+0000] {taskinstance.py:1979} INFO - Dependencies all met for dep_context=non-requeueable deps ti=<TaskInstance: Book-Recommendation-DAG.do_clean_to_parquet_task manual__2024-03-25T07:17:22.569432+00:00 [queued]>
[2024-03-25T07:17:32.673+0000] {taskinstance.py:1979} INFO - Dependencies all met for dep_context=requeueable deps ti=<TaskInstance: Book-Recommendation-DAG.do_clean_to_parquet_task manual__2024-03-25T07:17:22.569432+00:00 [queued]>
[2024-03-25T07:17:32.674+0000] {taskinstance.py:2193} INFO - Starting attempt 1 of 3
[2024-03-25T07:17:32.680+0000] {taskinstance.py:2217} INFO - Executing <Task(PythonOperator): do_clean_to_parquet_task> on 2024-03-25 07:17:22.569432+00:00
[2024-03-25T07:17:32.683+0000] {standard_task_runner.py:60} INFO - Started process 131 to run task
[2024-03-25T07:17:32.685+0000] {standard_task_runner.py:87} INFO - Running: ['***', 'tasks', 'run', 'Book-Recommendation-DAG', 'do_clean_to_parquet_task', 'manual__2024-03-25T07:17:22.569432+00:00', '--job-id', '186', '--raw', '--subdir', 'DAGS_FOLDER/book-recommendation-dag.py', '--cfg-path', '/tmp/tmpv263rimu']
[2024-03-25T07:17:32.687+0000] {standard_task_runner.py:88} INFO - Job 186: Subtask do_clean_to_parquet_task
[2024-03-25T07:17:32.715+0000] {task_command.py:423} INFO - Running <TaskInstance: Book-Recommendation-DAG.do_clean_to_parquet_task manual__2024-03-25T07:17:22.569432+00:00 [running]> on host 6b88727874e0
[2024-03-25T07:17:32.783+0000] {taskinstance.py:2513} INFO - Exporting env vars: AIRFLOW_CTX_DAG_OWNER='iamraphson' AIRFLOW_CTX_DAG_ID='Book-Recommendation-DAG' AIRFLOW_CTX_TASK_ID='do_clean_to_parquet_task' AIRFLOW_CTX_EXECUTION_DATE='2024-03-25T07:17:22.569432+00:00' AIRFLOW_CTX_TRY_NUMBER='1' AIRFLOW_CTX_DAG_RUN_ID='manual__2024-03-25T07:17:22.569432+00:00'
[2024-03-25T07:17:33.348+0000] {logging_mixin.py:188} INFO - parquet_loc /opt/***/book-recommendation-dataset/pq/ratings.parquet (1149780, 3)
[2024-03-25T07:17:33.753+0000] {book-recommendation-dag.py:99} INFO - Done cleaning up!
[2024-03-25T07:17:34.818+0000] {logging_mixin.py:188} INFO - parquet_loc /opt/***/book-recommendation-dataset/pq/users.parquet (278858, 5)
[2024-03-25T07:17:34.889+0000] {book-recommendation-dag.py:99} INFO - Done cleaning up!
[2024-03-25T07:17:36.034+0000] {warnings.py:109} WARNING - /opt/***/dags/book-recommendation-dag.py:45: DtypeWarning: Columns (3) have mixed types. Specify dtype option on import or set low_memory=False.
  dataset_df = pd.read_csv(f'{dataset_download_path}{filename}')

[2024-03-25T07:17:36.203+0000] {logging_mixin.py:188} INFO - parquet_loc /opt/***/book-recommendation-dataset/pq/books.parquet (271357, 5)
[2024-03-25T07:17:36.412+0000] {book-recommendation-dag.py:99} INFO - Done cleaning up!
[2024-03-25T07:17:36.431+0000] {python.py:202} INFO - Done. Returned value was: None
[2024-03-25T07:17:36.440+0000] {taskinstance.py:1149} INFO - Marking task as SUCCESS. dag_id=Book-Recommendation-DAG, task_id=do_clean_to_parquet_task, execution_date=20240325T071722, start_date=20240325T071732, end_date=20240325T071736
[2024-03-25T07:17:36.470+0000] {local_task_job_runner.py:234} INFO - Task exited with return code 0
[2024-03-25T07:17:36.494+0000] {taskinstance.py:3312} INFO - 1 downstream tasks scheduled from follow-on schedule check
