[2024-03-25T20:36:40.921+0000] {taskinstance.py:1979} INFO - Dependencies all met for dep_context=non-requeueable deps ti=<TaskInstance: Book-Recommendation-DAG.do_clean_to_parquet_task manual__2024-03-25T20:36:33.719727+00:00 [queued]>
[2024-03-25T20:36:40.926+0000] {taskinstance.py:1979} INFO - Dependencies all met for dep_context=requeueable deps ti=<TaskInstance: Book-Recommendation-DAG.do_clean_to_parquet_task manual__2024-03-25T20:36:33.719727+00:00 [queued]>
[2024-03-25T20:36:40.926+0000] {taskinstance.py:2193} INFO - Starting attempt 1 of 3
[2024-03-25T20:36:40.931+0000] {taskinstance.py:2217} INFO - Executing <Task(PythonOperator): do_clean_to_parquet_task> on 2024-03-25 20:36:33.719727+00:00
[2024-03-25T20:36:40.935+0000] {standard_task_runner.py:60} INFO - Started process 1906 to run task
[2024-03-25T20:36:40.937+0000] {standard_task_runner.py:87} INFO - Running: ['***', 'tasks', 'run', 'Book-Recommendation-DAG', 'do_clean_to_parquet_task', 'manual__2024-03-25T20:36:33.719727+00:00', '--job-id', '290', '--raw', '--subdir', 'DAGS_FOLDER/book-recommendation-dag.py', '--cfg-path', '/tmp/tmpaivmq8rx']
[2024-03-25T20:36:40.939+0000] {standard_task_runner.py:88} INFO - Job 290: Subtask do_clean_to_parquet_task
[2024-03-25T20:36:40.962+0000] {task_command.py:423} INFO - Running <TaskInstance: Book-Recommendation-DAG.do_clean_to_parquet_task manual__2024-03-25T20:36:33.719727+00:00 [running]> on host 992e1288d09b
[2024-03-25T20:36:40.999+0000] {taskinstance.py:2513} INFO - Exporting env vars: AIRFLOW_CTX_DAG_OWNER='iamraphson' AIRFLOW_CTX_DAG_ID='Book-Recommendation-DAG' AIRFLOW_CTX_TASK_ID='do_clean_to_parquet_task' AIRFLOW_CTX_EXECUTION_DATE='2024-03-25T20:36:33.719727+00:00' AIRFLOW_CTX_TRY_NUMBER='1' AIRFLOW_CTX_DAG_RUN_ID='manual__2024-03-25T20:36:33.719727+00:00'
[2024-03-25T20:36:41.360+0000] {logging_mixin.py:188} INFO - dataset_df.columns Index(['user_id', 'isbn', 'rating'], dtype='object')
[2024-03-25T20:36:41.506+0000] {book-recommendation-dag.py:108} INFO - Done cleaning up!
[2024-03-25T20:36:42.463+0000] {logging_mixin.py:188} INFO - dataset_df.columns Index(['user_id', 'age', 'city', 'state', 'country'], dtype='object')
[2024-03-25T20:36:42.536+0000] {book-recommendation-dag.py:108} INFO - Done cleaning up!
[2024-03-25T20:36:43.372+0000] {warnings.py:109} WARNING - /opt/***/dags/book-recommendation-dag.py:52: DtypeWarning: Columns (3) have mixed types. Specify dtype option on import or set low_memory=False.
  dataset_df = pd.read_csv(f'{dataset_download_path}{filename}')

[2024-03-25T20:36:43.552+0000] {logging_mixin.py:188} INFO - dataset_df.columns Index(['isbn', 'book_title', 'book_author', 'year_of_publication',
       'publisher'],
      dtype='object')
[2024-03-25T20:36:43.724+0000] {book-recommendation-dag.py:108} INFO - Done cleaning up!
[2024-03-25T20:36:43.738+0000] {python.py:202} INFO - Done. Returned value was: None
[2024-03-25T20:36:43.751+0000] {taskinstance.py:1149} INFO - Marking task as SUCCESS. dag_id=Book-Recommendation-DAG, task_id=do_clean_to_parquet_task, execution_date=20240325T203633, start_date=20240325T203640, end_date=20240325T203643
[2024-03-25T20:36:43.802+0000] {local_task_job_runner.py:234} INFO - Task exited with return code 0
[2024-03-25T20:36:43.842+0000] {taskinstance.py:3312} INFO - 1 downstream tasks scheduled from follow-on schedule check
