[2024-03-25T20:00:45.549+0000] {taskinstance.py:1979} INFO - Dependencies all met for dep_context=non-requeueable deps ti=<TaskInstance: Book-Recommendation-DAG.do_clean_to_parquet_task manual__2024-03-25T20:00:37.750698+00:00 [queued]>
[2024-03-25T20:00:45.555+0000] {taskinstance.py:1979} INFO - Dependencies all met for dep_context=requeueable deps ti=<TaskInstance: Book-Recommendation-DAG.do_clean_to_parquet_task manual__2024-03-25T20:00:37.750698+00:00 [queued]>
[2024-03-25T20:00:45.556+0000] {taskinstance.py:2193} INFO - Starting attempt 1 of 3
[2024-03-25T20:00:45.563+0000] {taskinstance.py:2217} INFO - Executing <Task(PythonOperator): do_clean_to_parquet_task> on 2024-03-25 20:00:37.750698+00:00
[2024-03-25T20:00:45.568+0000] {standard_task_runner.py:60} INFO - Started process 655 to run task
[2024-03-25T20:00:45.571+0000] {standard_task_runner.py:87} INFO - Running: ['***', 'tasks', 'run', 'Book-Recommendation-DAG', 'do_clean_to_parquet_task', 'manual__2024-03-25T20:00:37.750698+00:00', '--job-id', '232', '--raw', '--subdir', 'DAGS_FOLDER/book-recommendation-dag.py', '--cfg-path', '/tmp/tmpbalqvu5p']
[2024-03-25T20:00:45.574+0000] {standard_task_runner.py:88} INFO - Job 232: Subtask do_clean_to_parquet_task
[2024-03-25T20:00:45.609+0000] {task_command.py:423} INFO - Running <TaskInstance: Book-Recommendation-DAG.do_clean_to_parquet_task manual__2024-03-25T20:00:37.750698+00:00 [running]> on host 992e1288d09b
[2024-03-25T20:00:45.651+0000] {taskinstance.py:2513} INFO - Exporting env vars: AIRFLOW_CTX_DAG_OWNER='iamraphson' AIRFLOW_CTX_DAG_ID='Book-Recommendation-DAG' AIRFLOW_CTX_TASK_ID='do_clean_to_parquet_task' AIRFLOW_CTX_EXECUTION_DATE='2024-03-25T20:00:37.750698+00:00' AIRFLOW_CTX_TRY_NUMBER='1' AIRFLOW_CTX_DAG_RUN_ID='manual__2024-03-25T20:00:37.750698+00:00'
[2024-03-25T20:00:46.039+0000] {logging_mixin.py:188} INFO - parquet_loc /opt/***/book-recommendation-dataset/pq/ratings.parquet (1149780, 3)
[2024-03-25T20:00:46.215+0000] {book-recommendation-dag.py:108} INFO - Done cleaning up!
[2024-03-25T20:00:47.334+0000] {logging_mixin.py:188} INFO - parquet_loc /opt/***/book-recommendation-dataset/pq/users.parquet (278858, 5)
[2024-03-25T20:00:47.548+0000] {book-recommendation-dag.py:108} INFO - Done cleaning up!
[2024-03-25T20:00:48.353+0000] {warnings.py:109} WARNING - /opt/***/dags/book-recommendation-dag.py:54: DtypeWarning: Columns (3) have mixed types. Specify dtype option on import or set low_memory=False.
  dataset_df = pd.read_csv(f'{dataset_download_path}{filename}')

[2024-03-25T20:00:48.503+0000] {logging_mixin.py:188} INFO - parquet_loc /opt/***/book-recommendation-dataset/pq/books.parquet (271357, 5)
[2024-03-25T20:00:48.676+0000] {book-recommendation-dag.py:108} INFO - Done cleaning up!
[2024-03-25T20:00:48.690+0000] {python.py:202} INFO - Done. Returned value was: None
[2024-03-25T20:00:48.696+0000] {taskinstance.py:1149} INFO - Marking task as SUCCESS. dag_id=Book-Recommendation-DAG, task_id=do_clean_to_parquet_task, execution_date=20240325T200037, start_date=20240325T200045, end_date=20240325T200048
[2024-03-25T20:00:48.762+0000] {local_task_job_runner.py:234} INFO - Task exited with return code 0
[2024-03-25T20:00:48.787+0000] {taskinstance.py:3312} INFO - 1 downstream tasks scheduled from follow-on schedule check
