[2024-03-25T04:05:23.427+0000] {taskinstance.py:1979} INFO - Dependencies all met for dep_context=non-requeueable deps ti=<TaskInstance: Book-Recommendation-DAG.do_clean_to_parquet_task manual__2024-03-25T04:05:14.646696+00:00 [queued]>
[2024-03-25T04:05:23.431+0000] {taskinstance.py:1979} INFO - Dependencies all met for dep_context=requeueable deps ti=<TaskInstance: Book-Recommendation-DAG.do_clean_to_parquet_task manual__2024-03-25T04:05:14.646696+00:00 [queued]>
[2024-03-25T04:05:23.432+0000] {taskinstance.py:2193} INFO - Starting attempt 1 of 3
[2024-03-25T04:05:23.438+0000] {taskinstance.py:2217} INFO - Executing <Task(PythonOperator): do_clean_to_parquet_task> on 2024-03-25 04:05:14.646696+00:00
[2024-03-25T04:05:23.443+0000] {standard_task_runner.py:60} INFO - Started process 4565 to run task
[2024-03-25T04:05:23.446+0000] {standard_task_runner.py:87} INFO - Running: ['***', 'tasks', 'run', 'Book-Recommendation-DAG', 'do_clean_to_parquet_task', 'manual__2024-03-25T04:05:14.646696+00:00', '--job-id', '78', '--raw', '--subdir', 'DAGS_FOLDER/book-recommendation-dag.py', '--cfg-path', '/tmp/tmpnrjp8pih']
[2024-03-25T04:05:23.449+0000] {standard_task_runner.py:88} INFO - Job 78: Subtask do_clean_to_parquet_task
[2024-03-25T04:05:23.481+0000] {task_command.py:423} INFO - Running <TaskInstance: Book-Recommendation-DAG.do_clean_to_parquet_task manual__2024-03-25T04:05:14.646696+00:00 [running]> on host 9654d883592e
[2024-03-25T04:05:23.521+0000] {taskinstance.py:2513} INFO - Exporting env vars: AIRFLOW_CTX_DAG_OWNER='iamraphson' AIRFLOW_CTX_DAG_ID='Book-Recommendation-DAG' AIRFLOW_CTX_TASK_ID='do_clean_to_parquet_task' AIRFLOW_CTX_EXECUTION_DATE='2024-03-25T04:05:14.646696+00:00' AIRFLOW_CTX_TRY_NUMBER='1' AIRFLOW_CTX_DAG_RUN_ID='manual__2024-03-25T04:05:14.646696+00:00'
[2024-03-25T04:05:24.972+0000] {warnings.py:109} WARNING - /opt/***/dags/book-recommendation-dag.py:24: DtypeWarning: Columns (3) have mixed types. Specify dtype option on import or set low_memory=False.
  dataset_df = pd.read_csv(f'{dataset_download_path}{filename}')

[2024-03-25T04:05:25.108+0000] {logging_mixin.py:188} INFO - (271357, 5)
[2024-03-25T04:05:25.109+0000] {logging_mixin.py:188} INFO - dataset_df.dtypes isbn                    object
book_title              object
book_author             object
year_of_publication    float64
publisher               object
dtype: object
[2024-03-25T04:05:25.109+0000] {logging_mixin.py:188} INFO - parquet_loc /opt/***/book-recommendation-dataset/pq/books.parquet
[2024-03-25T04:05:25.119+0000] {python.py:202} INFO - Done. Returned value was: None
[2024-03-25T04:05:25.127+0000] {taskinstance.py:1149} INFO - Marking task as SUCCESS. dag_id=Book-Recommendation-DAG, task_id=do_clean_to_parquet_task, execution_date=20240325T040514, start_date=20240325T040523, end_date=20240325T040525
[2024-03-25T04:05:25.457+0000] {local_task_job_runner.py:234} INFO - Task exited with return code 0
[2024-03-25T04:05:25.478+0000] {taskinstance.py:3312} INFO - 1 downstream tasks scheduled from follow-on schedule check
