[2024-03-25T04:08:29.838+0000] {taskinstance.py:1979} INFO - Dependencies all met for dep_context=non-requeueable deps ti=<TaskInstance: Book-Recommendation-DAG.do_clean_to_parquet_task manual__2024-03-25T04:08:20.537891+00:00 [queued]>
[2024-03-25T04:08:29.843+0000] {taskinstance.py:1979} INFO - Dependencies all met for dep_context=requeueable deps ti=<TaskInstance: Book-Recommendation-DAG.do_clean_to_parquet_task manual__2024-03-25T04:08:20.537891+00:00 [queued]>
[2024-03-25T04:08:29.843+0000] {taskinstance.py:2193} INFO - Starting attempt 1 of 3
[2024-03-25T04:08:29.849+0000] {taskinstance.py:2217} INFO - Executing <Task(PythonOperator): do_clean_to_parquet_task> on 2024-03-25 04:08:20.537891+00:00
[2024-03-25T04:08:29.857+0000] {standard_task_runner.py:60} INFO - Started process 4764 to run task
[2024-03-25T04:08:29.860+0000] {standard_task_runner.py:87} INFO - Running: ['***', 'tasks', 'run', 'Book-Recommendation-DAG', 'do_clean_to_parquet_task', 'manual__2024-03-25T04:08:20.537891+00:00', '--job-id', '86', '--raw', '--subdir', 'DAGS_FOLDER/book-recommendation-dag.py', '--cfg-path', '/tmp/tmpjkd91fp6']
[2024-03-25T04:08:29.862+0000] {standard_task_runner.py:88} INFO - Job 86: Subtask do_clean_to_parquet_task
[2024-03-25T04:08:29.892+0000] {task_command.py:423} INFO - Running <TaskInstance: Book-Recommendation-DAG.do_clean_to_parquet_task manual__2024-03-25T04:08:20.537891+00:00 [running]> on host 9654d883592e
[2024-03-25T04:08:29.933+0000] {taskinstance.py:2513} INFO - Exporting env vars: AIRFLOW_CTX_DAG_OWNER='iamraphson' AIRFLOW_CTX_DAG_ID='Book-Recommendation-DAG' AIRFLOW_CTX_TASK_ID='do_clean_to_parquet_task' AIRFLOW_CTX_EXECUTION_DATE='2024-03-25T04:08:20.537891+00:00' AIRFLOW_CTX_TRY_NUMBER='1' AIRFLOW_CTX_DAG_RUN_ID='manual__2024-03-25T04:08:20.537891+00:00'
[2024-03-25T04:08:31.418+0000] {warnings.py:109} WARNING - /opt/***/dags/book-recommendation-dag.py:24: DtypeWarning: Columns (3) have mixed types. Specify dtype option on import or set low_memory=False.
  dataset_df = pd.read_csv(f'{dataset_download_path}{filename}')

[2024-03-25T04:08:31.557+0000] {logging_mixin.py:188} INFO - (271357, 5)
[2024-03-25T04:08:31.558+0000] {logging_mixin.py:188} INFO - dataset_df.dtypes isbn                   string[python]
book_title             string[python]
book_author            string[python]
year_of_publication             int64
publisher              string[python]
dtype: object
[2024-03-25T04:08:31.558+0000] {logging_mixin.py:188} INFO - parquet_loc /opt/***/book-recommendation-dataset/pq/books.parquet
[2024-03-25T04:08:31.568+0000] {python.py:202} INFO - Done. Returned value was: None
[2024-03-25T04:08:31.579+0000] {taskinstance.py:1149} INFO - Marking task as SUCCESS. dag_id=Book-Recommendation-DAG, task_id=do_clean_to_parquet_task, execution_date=20240325T040820, start_date=20240325T040829, end_date=20240325T040831
[2024-03-25T04:08:31.773+0000] {local_task_job_runner.py:234} INFO - Task exited with return code 0
[2024-03-25T04:08:31.792+0000] {taskinstance.py:3312} INFO - 1 downstream tasks scheduled from follow-on schedule check
