[2024-03-25T05:52:46.871+0000] {taskinstance.py:1979} INFO - Dependencies all met for dep_context=non-requeueable deps ti=<TaskInstance: Book-Recommendation-DAG.do_clean_to_parquet_task manual__2024-03-25T05:52:38.118562+00:00 [queued]>
[2024-03-25T05:52:46.878+0000] {taskinstance.py:1979} INFO - Dependencies all met for dep_context=requeueable deps ti=<TaskInstance: Book-Recommendation-DAG.do_clean_to_parquet_task manual__2024-03-25T05:52:38.118562+00:00 [queued]>
[2024-03-25T05:52:46.878+0000] {taskinstance.py:2193} INFO - Starting attempt 1 of 3
[2024-03-25T05:52:46.888+0000] {taskinstance.py:2217} INFO - Executing <Task(PythonOperator): do_clean_to_parquet_task> on 2024-03-25 05:52:38.118562+00:00
[2024-03-25T05:52:46.892+0000] {standard_task_runner.py:60} INFO - Started process 7521 to run task
[2024-03-25T05:52:46.896+0000] {standard_task_runner.py:87} INFO - Running: ['***', 'tasks', 'run', 'Book-Recommendation-DAG', 'do_clean_to_parquet_task', 'manual__2024-03-25T05:52:38.118562+00:00', '--job-id', '151', '--raw', '--subdir', 'DAGS_FOLDER/book-recommendation-dag.py', '--cfg-path', '/tmp/tmp62ges45e']
[2024-03-25T05:52:46.900+0000] {standard_task_runner.py:88} INFO - Job 151: Subtask do_clean_to_parquet_task
[2024-03-25T05:52:46.959+0000] {task_command.py:423} INFO - Running <TaskInstance: Book-Recommendation-DAG.do_clean_to_parquet_task manual__2024-03-25T05:52:38.118562+00:00 [running]> on host 9654d883592e
[2024-03-25T05:52:47.025+0000] {taskinstance.py:2513} INFO - Exporting env vars: AIRFLOW_CTX_DAG_OWNER='iamraphson' AIRFLOW_CTX_DAG_ID='Book-Recommendation-DAG' AIRFLOW_CTX_TASK_ID='do_clean_to_parquet_task' AIRFLOW_CTX_EXECUTION_DATE='2024-03-25T05:52:38.118562+00:00' AIRFLOW_CTX_TRY_NUMBER='1' AIRFLOW_CTX_DAG_RUN_ID='manual__2024-03-25T05:52:38.118562+00:00'
[2024-03-25T05:52:49.092+0000] {logging_mixin.py:188} INFO -    user_id   age         city            state         country
0        1  <NA>          nyc         new york             usa
1        2    18     stockton       california             usa
2        3  <NA>       moscow  yukon territory          russia
3        4    17        porto         v.n.gaia        portugal
4        5  <NA>  farnborough            hants  united kingdom
[2024-03-25T05:52:49.094+0000] {logging_mixin.py:188} INFO - dataset_df.dtypes user_id     Int64
age         Int64
city       object
state      object
country    object
dtype: object
[2024-03-25T05:52:49.094+0000] {logging_mixin.py:188} INFO - parquet_loc /opt/***/book-recommendation-dataset/pq/users.parquet
[2024-03-25T05:52:50.428+0000] {warnings.py:109} WARNING - /opt/***/dags/book-recommendation-dag.py:30: DtypeWarning: Columns (3) have mixed types. Specify dtype option on import or set low_memory=False.
  dataset_df = pd.read_csv(f'{dataset_download_path}{filename}')

[2024-03-25T05:52:50.669+0000] {logging_mixin.py:188} INFO - dataset_df.dtypes isbn                   string[python]
book_title             string[python]
book_author            string[python]
year_of_publication             Int64
publisher              string[python]
dtype: object
[2024-03-25T05:52:50.670+0000] {logging_mixin.py:188} INFO - parquet_loc /opt/***/book-recommendation-dataset/pq/books.parquet
[2024-03-25T05:52:50.687+0000] {python.py:202} INFO - Done. Returned value was: None
[2024-03-25T05:52:50.702+0000] {taskinstance.py:1149} INFO - Marking task as SUCCESS. dag_id=Book-Recommendation-DAG, task_id=do_clean_to_parquet_task, execution_date=20240325T055238, start_date=20240325T055246, end_date=20240325T055250
[2024-03-25T05:52:50.752+0000] {local_task_job_runner.py:234} INFO - Task exited with return code 0
[2024-03-25T05:52:50.800+0000] {taskinstance.py:3312} INFO - 1 downstream tasks scheduled from follow-on schedule check
